Arguments: 
  C:\Program Files\nodejs\node.exe C:\Users\Flavia Xavier\AppData\Roaming\npm\node_modules\yarn\bin\yarn.js

PATH: 
  C:\disco\vendor\bin;C:\disco\vendor\git-for-windows\cmd;C:\disco\vendor\conemu-maximus5\ConEmu\Scripts;C:\disco\vendor\conemu-maximus5;C:\disco\vendor\conemu-maximus5\ConEmu;C:\Python27\;C:\Python27\Scripts;C:\Program Files (x86)\Common Files\Oracle\Java\javapath;C:\WINDOWS\system32;C:\WINDOWS;C:\WINDOWS\System32\Wbem;C:\WINDOWS\System32\WindowsPowerShell\v1.0\;C:\WINDOWS\System32\OpenSSH\;C:\ProgramData\chocolatey\bin;C:\Program Files\Java\jdk1.8.0_221\bin;C:\Program Files\nodejs\;C:\Program Files\PuTTY\;C:\Program Files\VDownloader;C:\wamp64\bin\php\php7.4.9;C:\ProgramData\ComposerSetup\bin;C:\Program Files\Java\jdk1.8.0_211\bin;C:\Android\Sdk\emulator;C:\Android\Sdk\tools;C:\Android\Sdk\tools\bin;C:\Android\Sdk\platform-tools;C:\Program Files (x86)\Intel\Intel(R) Management Engine Components\DAL;C:\Program Files\Intel\Intel(R) Management Engine Components\DAL;C:\Users\Flavia Xavier\AppData\Local\Programs\Python\Python37\Scripts\;C:\Users\Flavia Xavier\AppData\Local\Programs\Python\Python37\;C:\Users\Flavia Xavier\AppData\Local\Microsoft\WindowsApps;C:\Program Files\Microsoft VS Code\bin;C:\Users\Flavia Xavier\AppData\Local\Programs\Microsoft VS Code\bin;C:\android\SDK\platform-tools;C:\android\SDK\tools;C:\Users\Flavia Xavier\AppData\Local\GitHubDesktop\bin;C:\Users\Flavia Xavier\AppData\Roaming\npm;C:\Users\Flavia Xavier\AppData\Local\Microsoft\WindowsApps;C:\Users\Flavia Xavier\AppData\Roaming\Composer\vendor\bin;C:\Android\Sdk\emulator;C:\Android\Sdk\tools;C:\Android\Sdk\tools\bin;C:\Android\Sdk\platform-tools;C:\disco\vendor\git-for-windows\mingw64\bin;C:\disco\vendor\git-for-windows\usr\bin;C:\disco

Yarn version: 
  1.22.17

Node version: 
  12.18.3

Platform: 
  win32 x64

Trace: 
  Error: EPERM: operation not permitted, copyfile 'C:\Users\Flavia Xavier\AppData\Local\Yarn\Cache\v6\npm-@bcoe-v8-coverage-0.2.3-75a2e8b51cb758a7553d6804a5932d7aace75c39-integrity\node_modules\@bcoe\v8-coverage\LICENSE.txt' -> 'C:\Users\Flavia Xavier\Documents\JS-coder\ignite-rocketseat\desafio01\desafio-react01\node_modules\@bcoe\v8-coverage\LICENSE.txt'

npm manifest: 
  {
    "name": "01-github-explorer",
    "version": "1.0.0",
    "main": "index.js",
    "license": "MIT",
    "scripts": {
      "dev": "webpack serve",
      "build": "cross-env NODE_ENV=production webpack",
      "test": "jest --watchAll"
    },
    "dependencies": {
      "react": "^17.0.1",
      "react-dom": "^17.0.1",
      "react-icons": "^4.2.0"
    },
    "devDependencies": {
      "@babel/cli": "^7.12.10",
      "@babel/core": "^7.12.10",
      "@babel/preset-env": "^7.12.11",
      "@babel/preset-react": "^7.12.10",
      "@babel/preset-typescript": "^7.12.7",
      "@pmmmwh/react-refresh-webpack-plugin": "^0.4.3",
      "@testing-library/jest-dom": "^5.11.9",
      "@testing-library/react": "^11.2.5",
      "@types/react-dom": "^17.0.0",
      "babel-loader": "^8.2.2",
      "babel-preset-react-app": "^10.0.0",
      "cross-env": "^7.0.3",
      "css-loader": "^5.0.1",
      "html-webpack-plugin": "^4.5.1",
      "identity-obj-proxy": "^3.0.0",
      "jest": "^26.6.3",
      "node-sass": "^5.0.0",
      "react-app-polyfill": "^2.0.0",
      "react-refresh": "^0.9.0",
      "sass-loader": "^10.1.1",
      "style-loader": "^2.0.0",
      "ts-node": "^9.1.1",
      "typescript": "^4.1.3",
      "webpack": "^5.17.0",
      "webpack-cli": "^4.4.0",
      "webpack-dev-server": "^3.11.2"
    }
  }

yarn manifest: 
  No manifest

Lockfile: 
  No lockfile
